<?xml version="1.0" encoding="UTF-8"?>
<testsuite name="org.springframework.core.style.DefaultValueStylerTests" tests="7" skipped="0" failures="0" errors="0" timestamp="2021-04-16T12:27:46" hostname="DESKTOP-P58LDPN" time="0.006">
  <properties/>
  <testcase name="styleMapEntries()" classname="org.springframework.core.style.DefaultValueStylerTests" time="0.001"/>
  <testcase name="stylePrimitiveArrays()" classname="org.springframework.core.style.DefaultValueStylerTests" time="0.001"/>
  <testcase name="styleBasics()" classname="org.springframework.core.style.DefaultValueStylerTests" time="0.001"/>
  <testcase name="styleObjectArrays()" classname="org.springframework.core.style.DefaultValueStylerTests" time="0.001"/>
  <testcase name="stylePlainObject()" classname="org.springframework.core.style.DefaultValueStylerTests" time="0.0"/>
  <testcase name="styleCollections()" classname="org.springframework.core.style.DefaultValueStylerTests" time="0.0"/>
  <testcase name="styleMaps()" classname="org.springframework.core.style.DefaultValueStylerTests" time="0.0"/>
  <system-out><![CDATA[]]></system-out>
  <system-err><![CDATA[]]></system-err>
</testsuite>
