<?xml version="1.0" encoding="UTF-8"?>
<testsuite name="org.springframework.core.codec.ByteArrayEncoderTests" tests="2" skipped="0" failures="0" errors="0" timestamp="2021-04-16T12:27:32" hostname="DESKTOP-P58LDPN" time="0.005">
  <properties/>
  <testcase name="encode()" classname="org.springframework.core.codec.ByteArrayEncoderTests" time="0.004"/>
  <testcase name="canEncode()" classname="org.springframework.core.codec.ByteArrayEncoderTests" time="0.0"/>
  <system-out><![CDATA[]]></system-out>
  <system-err><![CDATA[]]></system-err>
</testsuite>
