<?xml version="1.0" encoding="UTF-8"?>
<testsuite name="org.springframework.core.type.AspectJTypeFilterTests" tests="8" skipped="0" failures="0" errors="0" timestamp="2021-04-16T12:27:46" hostname="DESKTOP-P58LDPN" time="0.268">
  <properties/>
  <testcase name="compositionPatternNoMatches()" classname="org.springframework.core.type.AspectJTypeFilterTests" time="0.204"/>
  <testcase name="annotationPatternMatches()" classname="org.springframework.core.type.AspectJTypeFilterTests" time="0.013"/>
  <testcase name="subclassPatternNoMatches()" classname="org.springframework.core.type.AspectJTypeFilterTests" time="0.006"/>
  <testcase name="compositionPatternMatches()" classname="org.springframework.core.type.AspectJTypeFilterTests" time="0.008"/>
  <testcase name="annotationPatternNoMatches()" classname="org.springframework.core.type.AspectJTypeFilterTests" time="0.002"/>
  <testcase name="namePatternNoMatches()" classname="org.springframework.core.type.AspectJTypeFilterTests" time="0.012"/>
  <testcase name="namePatternMatches()" classname="org.springframework.core.type.AspectJTypeFilterTests" time="0.004"/>
  <testcase name="subclassPatternMatches()" classname="org.springframework.core.type.AspectJTypeFilterTests" time="0.017"/>
  <system-out><![CDATA[warning no match for this type name: example.type.AspectJTypeFilterTestsTypes.SomeClassX [Xlint:invalidAbsoluteTypeName]
]]></system-out>
  <system-err><![CDATA[]]></system-err>
</testsuite>
