<?xml version="1.0" encoding="UTF-8"?>
<testsuite name="org.springframework.core.KotlinBridgeMethodResolverTests" tests="2" skipped="0" failures="0" errors="0" timestamp="2021-04-16T12:27:47" hostname="DESKTOP-P58LDPN" time="0.007">
  <properties/>
  <testcase name="findBridgedMethod()" classname="org.springframework.core.KotlinBridgeMethodResolverTests" time="0.007"/>
  <testcase name="findBridgedMethodWithArrays()" classname="org.springframework.core.KotlinBridgeMethodResolverTests" time="0.0"/>
  <system-out><![CDATA[]]></system-out>
  <system-err><![CDATA[]]></system-err>
</testsuite>
