<?xml version="1.0" encoding="UTF-8"?>
<testsuite name="org.springframework.core.SpringCoreBlockHoundIntegrationTests" tests="3" skipped="0" failures="0" errors="0" timestamp="2021-04-16T12:27:45" hostname="DESKTOP-P58LDPN" time="0.051">
  <properties/>
  <testcase name="localVariableTableParameterNameDiscoverer()" classname="org.springframework.core.SpringCoreBlockHoundIntegrationTests" time="0.014"/>
  <testcase name="concurrentReferenceHashMap()" classname="org.springframework.core.SpringCoreBlockHoundIntegrationTests" time="0.032"/>
  <testcase name="blockHoundIsInstalled()" classname="org.springframework.core.SpringCoreBlockHoundIntegrationTests" time="0.003"/>
  <system-out><![CDATA[]]></system-out>
  <system-err><![CDATA[]]></system-err>
</testsuite>
