<?xml version="1.0" encoding="UTF-8"?>
<testsuite name="org.springframework.core.codec.StringDecoderTests" tests="13" skipped="0" failures="0" errors="0" timestamp="2021-04-16T12:27:33" hostname="DESKTOP-P58LDPN" time="0.055">
  <properties/>
  <testcase name="decodeToMono()" classname="org.springframework.core.codec.StringDecoderTests" time="0.003"/>
  <testcase name="maxInMemoryLimitDoesNotApplyToParsedItemsThatDontRequireBuffering()" classname="org.springframework.core.codec.StringDecoderTests" time="0.015"/>
  <testcase name="decode()" classname="org.springframework.core.codec.StringDecoderTests" time="0.008"/>
  <testcase name="decodeNewlinesAcrossBuffers()" classname="org.springframework.core.codec.StringDecoderTests" time="0.003"/>
  <testcase name="decodeToMonoWithEmptyFlux()" classname="org.springframework.core.codec.StringDecoderTests" time="0.001"/>
  <testcase name="decodeEmptyDataBuffer()" classname="org.springframework.core.codec.StringDecoderTests" time="0.002"/>
  <testcase name="canDecode()" classname="org.springframework.core.codec.StringDecoderTests" time="0.001"/>
  <testcase name="maxInMemoryLimitReleaseUnprocessedLinesWhenUnlimited()" classname="org.springframework.core.codec.StringDecoderTests" time="0.001"/>
  <testcase name="maxInMemoryLimit()" classname="org.springframework.core.codec.StringDecoderTests" time="0.003"/>
  <testcase name="decodeNewLineIncludeDelimiters()" classname="org.springframework.core.codec.StringDecoderTests" time="0.006"/>
  <testcase name="decodeNewLine()" classname="org.springframework.core.codec.StringDecoderTests" time="0.004"/>
  <testcase name="decodeEmptyFlux()" classname="org.springframework.core.codec.StringDecoderTests" time="0.0"/>
  <testcase name="decodeMultibyteCharacterUtf16()" classname="org.springframework.core.codec.StringDecoderTests" time="0.004"/>
  <system-out><![CDATA[]]></system-out>
  <system-err><![CDATA[]]></system-err>
</testsuite>
