<?xml version="1.0" encoding="UTF-8"?>
<testsuite name="org.springframework.util.xml.ListBasedXMLEventReaderTests" tests="3" skipped="0" failures="0" errors="0" timestamp="2021-04-16T12:27:47" hostname="DESKTOP-P58LDPN" time="0.058">
  <properties/>
  <testcase name="getElementText()" classname="org.springframework.util.xml.ListBasedXMLEventReaderTests" time="0.038"/>
  <testcase name="getElementTextThrowsExceptionAtWrongPosition()" classname="org.springframework.util.xml.ListBasedXMLEventReaderTests" time="0.0"/>
  <testcase name="standard()" classname="org.springframework.util.xml.ListBasedXMLEventReaderTests" time="0.016"/>
  <system-out><![CDATA[]]></system-out>
  <system-err><![CDATA[]]></system-err>
</testsuite>
