<?xml version="1.0" encoding="UTF-8"?>
<testsuite name="org.springframework.core.testfixture.TestGroupTests" tests="4" skipped="0" failures="0" errors="0" timestamp="2021-04-16T12:27:46" hostname="DESKTOP-P58LDPN" time="0.005">
  <properties/>
  <testcase name="assumeGroupWithBogusActiveTestGroup()" classname="org.springframework.core.testfixture.TestGroupTests" time="0.001"/>
  <testcase name="assumeGroupWithAllMinusBogusActiveTestGroup()" classname="org.springframework.core.testfixture.TestGroupTests" time="0.001"/>
  <testcase name="assumeGroupWithNoActiveTestGroups()" classname="org.springframework.core.testfixture.TestGroupTests" time="0.002"/>
  <testcase name="assumeGroupWithMatchingActiveTestGroup()" classname="org.springframework.core.testfixture.TestGroupTests" time="0.001"/>
  <system-out><![CDATA[]]></system-out>
  <system-err><![CDATA[]]></system-err>
</testsuite>
