<?xml version="1.0" encoding="UTF-8"?>
<testsuite name="org.springframework.core.ReactiveAdapterRegistryTests$RxJava1" tests="7" skipped="0" failures="0" errors="0" timestamp="2021-04-16T12:27:44" hostname="DESKTOP-P58LDPN" time="0.033">
  <properties/>
  <testcase name="fromSingle()" classname="org.springframework.core.ReactiveAdapterRegistryTests$RxJava1" time="0.011"/>
  <testcase name="toObservable()" classname="org.springframework.core.ReactiveAdapterRegistryTests$RxJava1" time="0.01"/>
  <testcase name="fromCompletable()" classname="org.springframework.core.ReactiveAdapterRegistryTests$RxJava1" time="0.004"/>
  <testcase name="toSingle()" classname="org.springframework.core.ReactiveAdapterRegistryTests$RxJava1" time="0.002"/>
  <testcase name="toCompletable()" classname="org.springframework.core.ReactiveAdapterRegistryTests$RxJava1" time="0.001"/>
  <testcase name="defaultAdapterRegistrations()" classname="org.springframework.core.ReactiveAdapterRegistryTests$RxJava1" time="0.001"/>
  <testcase name="fromObservable()" classname="org.springframework.core.ReactiveAdapterRegistryTests$RxJava1" time="0.004"/>
  <system-out><![CDATA[]]></system-out>
  <system-err><![CDATA[]]></system-err>
</testsuite>
