<?xml version="1.0" encoding="UTF-8"?>
<testsuite name="org.springframework.cache.ehcache.EhCacheSupportTests" tests="8" skipped="0" failures="0" errors="0" timestamp="2021-04-16T11:03:34" hostname="DESKTOP-P58LDPN" time="0.158">
  <properties/>
  <testcase name="testEhCacheFactoryBeanWithExplicitCacheManager()" classname="org.springframework.cache.ehcache.EhCacheSupportTests" time="0.069"/>
  <testcase name="testEhCacheFactoryBeanWithDefaultCacheManager()" classname="org.springframework.cache.ehcache.EhCacheSupportTests" time="0.017"/>
  <testcase name="testBlankCacheManager()" classname="org.springframework.cache.ehcache.EhCacheSupportTests" time="0.008"/>
  <testcase name="testEhCacheFactoryBeanWithBlockingCache()" classname="org.springframework.cache.ehcache.EhCacheSupportTests" time="0.015"/>
  <testcase name="testAcceptExistingCacheManager()" classname="org.springframework.cache.ehcache.EhCacheSupportTests" time="0.014"/>
  <testcase name="testCacheManagerConflict()" classname="org.springframework.cache.ehcache.EhCacheSupportTests" time="0.011"/>
  <testcase name="testEhCacheFactoryBeanWithSelfPopulatingCache()" classname="org.springframework.cache.ehcache.EhCacheSupportTests" time="0.011"/>
  <testcase name="testEhCacheFactoryBeanWithUpdatingSelfPopulatingCache()" classname="org.springframework.cache.ehcache.EhCacheSupportTests" time="0.011"/>
  <system-out><![CDATA[]]></system-out>
  <system-err><![CDATA[]]></system-err>
</testsuite>
