<?xml version="1.0" encoding="UTF-8"?>
<testsuite name="org.springframework.cache.jcache.JCacheCacheManagerTests" tests="5" skipped="0" failures="0" errors="0" timestamp="2021-04-16T11:03:36" hostname="DESKTOP-P58LDPN" time="0.022">
  <properties/>
  <testcase name="getTransactionalOnExistingCache()" classname="org.springframework.cache.jcache.JCacheCacheManagerTests" time="0.014"/>
  <testcase name="getOnExistingCache()" classname="org.springframework.cache.jcache.JCacheCacheManagerTests" time="0.002"/>
  <testcase name="getOnNewCache()" classname="org.springframework.cache.jcache.JCacheCacheManagerTests" time="0.002"/>
  <testcase name="getOnUnknownCache()" classname="org.springframework.cache.jcache.JCacheCacheManagerTests" time="0.002"/>
  <testcase name="getTransactionalOnNewCache()" classname="org.springframework.cache.jcache.JCacheCacheManagerTests" time="0.002"/>
  <system-out><![CDATA[]]></system-out>
  <system-err><![CDATA[]]></system-err>
</testsuite>
