<?xml version="1.0" encoding="UTF-8"?>
<testsuite name="org.springframework.cache.jcache.config.JCacheCustomInterceptorTests" tests="3" skipped="0" failures="0" errors="0" timestamp="2021-04-16T11:03:34" hostname="DESKTOP-P58LDPN" time="0.424">
  <properties/>
  <testcase name="customInterceptorAppliesWithCheckedException()" classname="org.springframework.cache.jcache.config.JCacheCustomInterceptorTests" time="0.378"/>
  <testcase name="customInterceptorAppliesWithRuntimeException()" classname="org.springframework.cache.jcache.config.JCacheCustomInterceptorTests" time="0.025"/>
  <testcase name="onlyOneInterceptorIsAvailable()" classname="org.springframework.cache.jcache.config.JCacheCustomInterceptorTests" time="0.021"/>
  <system-out><![CDATA[]]></system-out>
  <system-err><![CDATA[]]></system-err>
</testsuite>
