<?xml version="1.0" encoding="UTF-8"?>
<testsuite name="org.springframework.validation.beanvalidation2.BeanValidationPostProcessorTests" tests="5" skipped="0" failures="0" errors="0" timestamp="2021-04-16T11:03:39" hostname="DESKTOP-P58LDPN" time="0.262">
  <properties/>
  <testcase name="testSizeConstraintSatisfied()" classname="org.springframework.validation.beanvalidation2.BeanValidationPostProcessorTests" time="0.224"/>
  <testcase name="testNotNullConstraintAfterInitialization()" classname="org.springframework.validation.beanvalidation2.BeanValidationPostProcessorTests" time="0.007"/>
  <testcase name="testNotNullConstraintSatisfied()" classname="org.springframework.validation.beanvalidation2.BeanValidationPostProcessorTests" time="0.005"/>
  <testcase name="testSizeConstraint()" classname="org.springframework.validation.beanvalidation2.BeanValidationPostProcessorTests" time="0.02"/>
  <testcase name="testNotNullConstraint()" classname="org.springframework.validation.beanvalidation2.BeanValidationPostProcessorTests" time="0.006"/>
  <system-out><![CDATA[]]></system-out>
  <system-err><![CDATA[]]></system-err>
</testsuite>
